{"path": "/", "request_total": 2.372, "sql_count": 0, "sql_total": 0}
{"path": "/media/products/2024/04/23/a3.jpg", "request_total": 0.003, "sql_count": 0, "sql_total": 0}
{"path": "/media/products/2024/04/23/c1.jpg", "request_total": 0.004, "sql_count": 0, "sql_total": 0}
{"path": "/media/products/2024/04/23/a1.jpg", "request_total": 0.022, "sql_count": 0, "sql_total": 0}
{"path": "/media/products/2024/04/23/a2.jpg", "request_total": 0.013, "sql_count": 0, "sql_total": 0}
{"path": "/media/products/2024/04/23/d3.jpg", "request_total": 0.014, "sql_count": 0, "sql_total": 0}
{"path": "/media/products/2024/04/23/c3.jpg", "request_total": 0.025, "sql_count": 0, "sql_total": 0}
{"path": "/media/products/2024/04/23/d1.jpg", "request_total": 0.015, "sql_count": 0, "sql_total": 0}
{"path": "/media/products/2024/04/23/c2.jpg", "request_total": 0.027, "sql_count": 0, "sql_total": 0}
{"path": "/media/products/2024/04/23/d2.jpg", "request_total": 0.026, "sql_count": 0, "sql_total": 0}
{"path": "/favicon.ico", "request_total": 0.259, "sql_count": 0, "sql_total": 0}
{"path": "/cart/", "request_total": 1.093, "sql_count": 0, "sql_total": 0}
{"path": "/orders/create/", "request_total": 0.101, "sql_count": 0, "sql_total": 0}
{"path": "/orders/create/", "request_total": 2.35, "sql_count": 0, "sql_total": 0}
{"path": "/payment/process/", "request_total": 0.593, "sql_count": 0, "sql_total": 0}
{"path": "/payment/process/", "request_total": 1.037, "sql_count": 0, "sql_total": 0}
{"path": "/", "request_total": 1.166, "sql_count": 0, "sql_total": 0}
{"path": "/cart/ajax/add/19/", "request_total": 0.229, "sql_count": 0, "sql_total": 0}
{"path": "/cart/count/", "request_total": 0.038, "sql_count": 0, "sql_total": 0}
{"path": "/cart/", "request_total": 0.323, "sql_count": 0, "sql_total": 0}
{"path": "/orders/create/", "request_total": 0.108, "sql_count": 0, "sql_total": 0}
{"path": "/orders/create/", "request_total": 0.865, "sql_count": 0, "sql_total": 0}
{"path": "/payment/process/", "request_total": 59.771, "sql_count": 0, "sql_total": 0}
{"path": "/admin/", "request_total": 0.012, "sql_count": 0, "sql_total": 0}
{"path": "/admin/", "request_total": 0.002, "sql_count": 0, "sql_total": 0}
{"path": "/admin/", "request_total": 0.099, "sql_count": 0, "sql_total": 0}
{"path": "/admin/login/", "request_total": 0.322, "sql_count": 0, "sql_total": 0}
{"path": "/favicon.ico", "request_total": 0.003, "sql_count": 0, "sql_total": 0}
{"path": "/admin/", "request_total": 0.017, "sql_count": 0, "sql_total": 0}
{"path": "/admin/", "request_total": 0.002, "sql_count": 0, "sql_total": 0}
{"path": "/admin/login/", "request_total": 0.336, "sql_count": 0, "sql_total": 0}
{"path": "/admin/login/", "request_total": 0.543, "sql_count": 0, "sql_total": 0}
{"path": "/admin", "request_total": 0.003, "sql_count": 0, "sql_total": 0}
{"path": "/admin/", "request_total": 0.002, "sql_count": 0, "sql_total": 0}
{"path": "/admin/login/", "request_total": 0.016, "sql_count": 0, "sql_total": 0}
{"path": "/favicon.ico", "request_total": 0.002, "sql_count": 0, "sql_total": 0}
{"path": "/admin/", "request_total": 0.002, "sql_count": 0, "sql_total": 0}
{"path": "/admin/login/", "request_total": 0.016, "sql_count": 0, "sql_total": 0}
